app/build/intermediates/manifest_merge_blame_file/debug/processDebugMainManifest/manifest-merger-blame-debug-report.txt
1<?xml version="1.0" encoding="utf-8"?>
2<manifest xmlns:android="http://schemas.android.com/apk/res/android"
3    package="com.bookkeeping"
4    android:versionCode="1"
5    android:versionName="1.0" >
6
7    <uses-sdk
8        android:minSdkVersion="26"
9        android:targetSdkVersion="35" />
10
11    <uses-permission android:name="android.permission.INTERNET" />
11-->src\main\AndroidManifest.xml:5:5-67
11-->src\main\AndroidManifest.xml:5:22-64
12    <uses-permission android:name="android.permission.ACCESS_NETWORK_STATE" />
12-->src\main\AndroidManifest.xml:6:5-79
12-->src\main\AndroidManifest.xml:6:22-76
13    <uses-permission android:name="android.permission.WAKE_LOCK" />
13-->[com.google.android.gms:play-services-measurement:23.0.0] AndroidManifest.xml:25:5-68
13-->[com.google.android.gms:play-services-measurement:23.0.0] AndroidManifest.xml:25:22-65
14    <uses-permission android:name="com.google.android.finsky.permission.BIND_GET_INSTALL_REFERRER_SERVICE" />
14-->[com.google.android.gms:play-services-measurement:23.0.0] AndroidManifest.xml:26:5-110
14-->[com.google.android.gms:play-services-measurement:23.0.0] AndroidManifest.xml:26:22-107
15    <uses-permission android:name="com.google.android.gms.permission.AD_ID" />
15-->[com.google.android.gms:play-services-measurement-api:23.0.0] AndroidManifest.xml:25:5-79
15-->[com.google.android.gms:play-services-measurement-api:23.0.0] AndroidManifest.xml:25:22-76
16    <uses-permission android:name="android.permission.ACCESS_ADSERVICES_ATTRIBUTION" />
16-->[com.google.android.gms:play-services-measurement-api:23.0.0] AndroidManifest.xml:26:5-88
16-->[com.google.android.gms:play-services-measurement-api:23.0.0] AndroidManifest.xml:26:22-85
17    <uses-permission android:name="android.permission.ACCESS_ADSERVICES_AD_ID" />
17-->[com.google.android.gms:play-services-measurement-api:23.0.0] AndroidManifest.xml:27:5-82
17-->[com.google.android.gms:play-services-measurement-api:23.0.0] AndroidManifest.xml:27:22-79
18    <uses-permission android:name="com.google.android.providers.gsf.permission.READ_GSERVICES" />
18-->[com.google.android.recaptcha:recaptcha:18.6.1] AndroidManifest.xml:9:5-98
18-->[com.google.android.recaptcha:recaptcha:18.6.1] AndroidManifest.xml:9:22-95
19
20    <permission
20-->[androidx.core:core:1.16.0] AndroidManifest.xml:22:5-24:47
21        android:name="com.bookkeeping.DYNAMIC_RECEIVER_NOT_EXPORTED_PERMISSION"
21-->[androidx.core:core:1.16.0] AndroidManifest.xml:23:9-81
22        android:protectionLevel="signature" />
22-->[androidx.core:core:1.16.0] AndroidManifest.xml:24:9-44
23
24    <uses-permission android:name="com.bookkeeping.DYNAMIC_RECEIVER_NOT_EXPORTED_PERMISSION" />
24-->[androidx.core:core:1.16.0] AndroidManifest.xml:26:5-97
24-->[androidx.core:core:1.16.0] AndroidManifest.xml:26:22-94
25
26    <application
26-->src\main\AndroidManifest.xml:8:5-39:19
27        android:name="com.bookkeeping.BookkeepingApp"
27-->src\main\AndroidManifest.xml:9:9-39
28        android:allowBackup="true"
28-->src\main\AndroidManifest.xml:10:9-35
29        android:appComponentFactory="androidx.core.app.CoreComponentFactory"
29-->[androidx.core:core:1.16.0] AndroidManifest.xml:28:18-86
30        android:dataExtractionRules="@xml/data_extraction_rules"
30-->src\main\AndroidManifest.xml:11:9-65
31        android:debuggable="true"
32        android:extractNativeLibs="false"
33        android:fullBackupContent="@xml/backup_rules"
33-->src\main\AndroidManifest.xml:12:9-54
34        android:icon="@drawable/ic_launcher"
34-->src\main\AndroidManifest.xml:13:9-45
35        android:label="@string/app_name"
35-->src\main\AndroidManifest.xml:14:9-41
36        android:roundIcon="@drawable/ic_launcher"
36-->src\main\AndroidManifest.xml:15:9-50
37        android:supportsRtl="true"
37-->src\main\AndroidManifest.xml:16:9-35
38        android:theme="@style/Theme.Bookkeeping" >
38-->src\main\AndroidManifest.xml:17:9-49
39        <activity
39-->src\main\AndroidManifest.xml:19:9-29:20
40            android:name="com.bookkeeping.MainActivity"
40-->src\main\AndroidManifest.xml:20:13-41
41            android:exported="true"
41-->src\main\AndroidManifest.xml:21:13-36
42            android:label="@string/app_name"
42-->src\main\AndroidManifest.xml:22:13-45
43            android:theme="@style/Theme.Bookkeeping" >
43-->src\main\AndroidManifest.xml:23:13-53
44            <intent-filter>
44-->src\main\AndroidManifest.xml:24:13-28:29
45                <action android:name="android.intent.action.MAIN" />
45-->src\main\AndroidManifest.xml:25:17-69
45-->src\main\AndroidManifest.xml:25:25-66
46
47                <category android:name="android.intent.category.LAUNCHER" />
47-->src\main\AndroidManifest.xml:27:17-77
47-->src\main\AndroidManifest.xml:27:27-74
48            </intent-filter>
49        </activity>
50
51        <provider
52            android:name="androidx.core.content.FileProvider"
52-->src\main\AndroidManifest.xml:31:13-62
53            android:authorities="com.bookkeeping.fileprovider"
53-->src\main\AndroidManifest.xml:32:13-64
54            android:exported="false"
54-->src\main\AndroidManifest.xml:33:13-37
55            android:grantUriPermissions="true" >
55-->src\main\AndroidManifest.xml:34:13-47
56            <meta-data
56-->src\main\AndroidManifest.xml:35:13-37:54
57                android:name="android.support.FILE_PROVIDER_PATHS"
57-->src\main\AndroidManifest.xml:36:17-67
58                android:resource="@xml/file_paths" />
58-->src\main\AndroidManifest.xml:37:17-51
59        </provider>
60
61        <activity
61-->[androidx.compose.ui:ui-tooling-android:1.10.0] AndroidManifest.xml:23:9-25:39
62            android:name="androidx.compose.ui.tooling.PreviewActivity"
62-->[androidx.compose.ui:ui-tooling-android:1.10.0] AndroidManifest.xml:24:13-71
63            android:exported="true" />
63-->[androidx.compose.ui:ui-tooling-android:1.10.0] AndroidManifest.xml:25:13-36
64        <activity
64-->[com.google.firebase:firebase-auth:24.0.1] AndroidManifest.xml:29:9-46:20
65            android:name="com.google.firebase.auth.internal.GenericIdpActivity"
65-->[com.google.firebase:firebase-auth:24.0.1] AndroidManifest.xml:30:13-80
66            android:excludeFromRecents="true"
66-->[com.google.firebase:firebase-auth:24.0.1] AndroidManifest.xml:31:13-46
67            android:exported="true"
67-->[com.google.firebase:firebase-auth:24.0.1] AndroidManifest.xml:32:13-36
68            android:launchMode="singleTask"
68-->[com.google.firebase:firebase-auth:24.0.1] AndroidManifest.xml:33:13-44
69            android:theme="@android:style/Theme.Translucent.NoTitleBar" >
69-->[com.google.firebase:firebase-auth:24.0.1] AndroidManifest.xml:34:13-72
70            <intent-filter>
70-->[com.google.firebase:firebase-auth:24.0.1] AndroidManifest.xml:35:13-45:29
71                <action android:name="android.intent.action.VIEW" />
71-->[com.google.firebase:firebase-auth:24.0.1] AndroidManifest.xml:36:17-69
71-->[com.google.firebase:firebase-auth:24.0.1] AndroidManifest.xml:36:25-66
72
73                <category android:name="android.intent.category.DEFAULT" />
73-->[com.google.firebase:firebase-auth:24.0.1] AndroidManifest.xml:38:17-76
73-->[com.google.firebase:firebase-auth:24.0.1] AndroidManifest.xml:38:27-73
74                <category android:name="android.intent.category.BROWSABLE" />
74-->[com.google.firebase:firebase-auth:24.0.1] AndroidManifest.xml:39:17-78
74-->[com.google.firebase:firebase-auth:24.0.1] AndroidManifest.xml:39:27-75
75
76                <data
76-->[com.google.firebase:firebase-auth:24.0.1] AndroidManifest.xml:41:17-44:51
77                    android:host="firebase.auth"
77-->[com.google.firebase:firebase-auth:24.0.1] AndroidManifest.xml:42:21-49
78                    android:path="/"
78-->[com.google.firebase:firebase-auth:24.0.1] AndroidManifest.xml:43:21-37
79                    android:scheme="genericidp" />
79-->[com.google.firebase:firebase-auth:24.0.1] AndroidManifest.xml:44:21-48
80            </intent-filter>
81        </activity>
82        <activity
82-->[com.google.firebase:firebase-auth:24.0.1] AndroidManifest.xml:47:9-64:20
83            android:name="com.google.firebase.auth.internal.RecaptchaActivity"
83-->[com.google.firebase:firebase-auth:24.0.1] AndroidManifest.xml:48:13-79
84            android:excludeFromRecents="true"
84-->[com.google.firebase:firebase-auth:24.0.1] AndroidManifest.xml:49:13-46
85            android:exported="true"
85-->[com.google.firebase:firebase-auth:24.0.1] AndroidManifest.xml:50:13-36
86            android:launchMode="singleTask"
86-->[com.google.firebase:firebase-auth:24.0.1] AndroidManifest.xml:51:13-44
87            android:theme="@android:style/Theme.Translucent.NoTitleBar" >
87-->[com.google.firebase:firebase-auth:24.0.1] AndroidManifest.xml:52:13-72
88            <intent-filter>
88-->[com.google.firebase:firebase-auth:24.0.1] AndroidManifest.xml:53:13-63:29
89                <action android:name="android.intent.action.VIEW" />
89-->[com.google.firebase:firebase-auth:24.0.1] AndroidManifest.xml:36:17-69
89-->[com.google.firebase:firebase-auth:24.0.1] AndroidManifest.xml:36:25-66
90
91                <category android:name="android.intent.category.DEFAULT" />
91-->[com.google.firebase:firebase-auth:24.0.1] AndroidManifest.xml:38:17-76
91-->[com.google.firebase:firebase-auth:24.0.1] AndroidManifest.xml:38:27-73
92                <category android:name="android.intent.category.BROWSABLE" />
92-->[com.google.firebase:firebase-auth:24.0.1] AndroidManifest.xml:39:17-78
92-->[com.google.firebase:firebase-auth:24.0.1] AndroidManifest.xml:39:27-75
93
94                <data
94-->[com.google.firebase:firebase-auth:24.0.1] AndroidManifest.xml:41:17-44:51
95                    android:host="firebase.auth"
95-->[com.google.firebase:firebase-auth:24.0.1] AndroidManifest.xml:42:21-49
96                    android:path="/"
96-->[com.google.firebase:firebase-auth:24.0.1] AndroidManifest.xml:43:21-37
97                    android:scheme="recaptcha" />
97-->[com.google.firebase:firebase-auth:24.0.1] AndroidManifest.xml:44:21-48
98            </intent-filter>
99        </activity>
100
101        <service
101-->[com.google.firebase:firebase-auth:24.0.1] AndroidManifest.xml:66:9-72:19
102            android:name="com.google.firebase.components.ComponentDiscoveryService"
102-->[com.google.firebase:firebase-auth:24.0.1] AndroidManifest.xml:67:13-84
103            android:directBootAware="true"
103-->[com.google.firebase:firebase-common:22.0.1] AndroidManifest.xml:32:13-43
104            android:exported="false" >
104-->[com.google.firebase:firebase-auth:24.0.1] AndroidManifest.xml:68:13-37
105            <meta-data
105-->[com.google.firebase:firebase-auth:24.0.1] AndroidManifest.xml:69:13-71:85
106                android:name="com.google.firebase.components:com.google.firebase.auth.FirebaseAuthRegistrar"
106-->[com.google.firebase:firebase-auth:24.0.1] AndroidManifest.xml:70:17-109
107                android:value="com.google.firebase.components.ComponentRegistrar" />
107-->[com.google.firebase:firebase-auth:24.0.1] AndroidManifest.xml:71:17-82
108            <meta-data
108-->[com.google.firebase:firebase-firestore:26.0.2] AndroidManifest.xml:17:13-19:85
109                android:name="com.google.firebase.components:com.google.firebase.firestore.FirebaseFirestoreKtxRegistrar"
109-->[com.google.firebase:firebase-firestore:26.0.2] AndroidManifest.xml:18:17-122
110                android:value="com.google.firebase.components.ComponentRegistrar" />
110-->[com.google.firebase:firebase-firestore:26.0.2] AndroidManifest.xml:19:17-82
111            <meta-data
111-->[com.google.firebase:firebase-firestore:26.0.2] AndroidManifest.xml:20:13-22:85
112                android:name="com.google.firebase.components:com.google.firebase.firestore.FirestoreRegistrar"
112-->[com.google.firebase:firebase-firestore:26.0.2] AndroidManifest.xml:21:17-111
113                android:value="com.google.firebase.components.ComponentRegistrar" />
113-->[com.google.firebase:firebase-firestore:26.0.2] AndroidManifest.xml:22:17-82
114            <meta-data
114-->[com.google.android.gms:play-services-measurement-api:23.0.0] AndroidManifest.xml:33:13-35:85
115                android:name="com.google.firebase.components:com.google.firebase.analytics.connector.internal.AnalyticsConnectorRegistrar"
115-->[com.google.android.gms:play-services-measurement-api:23.0.0] AndroidManifest.xml:34:17-139
116                android:value="com.google.firebase.components.ComponentRegistrar" />
116-->[com.google.android.gms:play-services-measurement-api:23.0.0] AndroidManifest.xml:35:17-82
117            <meta-data
117-->[com.google.firebase:firebase-installations:19.0.1] AndroidManifest.xml:15:13-17:85
118                android:name="com.google.firebase.components:com.google.firebase.installations.FirebaseInstallationsKtxRegistrar"
118-->[com.google.firebase:firebase-installations:19.0.1] AndroidManifest.xml:16:17-130
119                android:value="com.google.firebase.components.ComponentRegistrar" />
119-->[com.google.firebase:firebase-installations:19.0.1] AndroidManifest.xml:17:17-82
120            <meta-data
120-->[com.google.firebase:firebase-installations:19.0.1] AndroidManifest.xml:18:13-20:85
121                android:name="com.google.firebase.components:com.google.firebase.installations.FirebaseInstallationsRegistrar"
121-->[com.google.firebase:firebase-installations:19.0.1] AndroidManifest.xml:19:17-127
122                android:value="com.google.firebase.components.ComponentRegistrar" />
122-->[com.google.firebase:firebase-installations:19.0.1] AndroidManifest.xml:20:17-82
123            <meta-data
123-->[com.google.firebase:firebase-common:22.0.1] AndroidManifest.xml:35:13-37:85
124                android:name="com.google.firebase.components:com.google.firebase.FirebaseCommonKtxRegistrar"
124-->[com.google.firebase:firebase-common:22.0.1] AndroidManifest.xml:36:17-109
125                android:value="com.google.firebase.components.ComponentRegistrar" />
125-->[com.google.firebase:firebase-common:22.0.1] AndroidManifest.xml:37:17-82
126        </service>
127
128        <receiver
128-->[com.google.android.gms:play-services-measurement:23.0.0] AndroidManifest.xml:29:9-33:20
129            android:name="com.google.android.gms.measurement.AppMeasurementReceiver"
129-->[com.google.android.gms:play-services-measurement:23.0.0] AndroidManifest.xml:30:13-85
130            android:enabled="true"
130-->[com.google.android.gms:play-services-measurement:23.0.0] AndroidManifest.xml:31:13-35
131            android:exported="false" >
131-->[com.google.android.gms:play-services-measurement:23.0.0] AndroidManifest.xml:32:13-37
132        </receiver>
133
134        <service
134-->[com.google.android.gms:play-services-measurement:23.0.0] AndroidManifest.xml:35:9-38:40
135            android:name="com.google.android.gms.measurement.AppMeasurementService"
135-->[com.google.android.gms:play-services-measurement:23.0.0] AndroidManifest.xml:36:13-84
136            android:enabled="true"
136-->[com.google.android.gms:play-services-measurement:23.0.0] AndroidManifest.xml:37:13-35
137            android:exported="false" />
137-->[com.google.android.gms:play-services-measurement:23.0.0] AndroidManifest.xml:38:13-37
138        <service
138-->[com.google.android.gms:play-services-measurement:23.0.0] AndroidManifest.xml:39:9-43:72
139            android:name="com.google.android.gms.measurement.AppMeasurementJobService"
139-->[com.google.android.gms:play-services-measurement:23.0.0] AndroidManifest.xml:40:13-87
140            android:enabled="true"
140-->[com.google.android.gms:play-services-measurement:23.0.0] AndroidManifest.xml:41:13-35
141            android:exported="false"
141-->[com.google.android.gms:play-services-measurement:23.0.0] AndroidManifest.xml:42:13-37
142            android:permission="android.permission.BIND_JOB_SERVICE" />
142-->[com.google.android.gms:play-services-measurement:23.0.0] AndroidManifest.xml:43:13-69
143        <service
143-->[androidx.room:room-runtime-android:2.7.1] AndroidManifest.xml:24:9-28:63
144            android:name="androidx.room.MultiInstanceInvalidationService"
144-->[androidx.room:room-runtime-android:2.7.1] AndroidManifest.xml:25:13-74
145            android:directBootAware="true"
145-->[androidx.room:room-runtime-android:2.7.1] AndroidManifest.xml:26:13-43
146            android:exported="false" />
146-->[androidx.room:room-runtime-android:2.7.1] AndroidManifest.xml:27:13-37
147
148        <uses-library
148-->[androidx.window:window:1.5.0] AndroidManifest.xml:23:9-25:40
149            android:name="androidx.window.extensions"
149-->[androidx.window:window:1.5.0] AndroidManifest.xml:24:13-54
150            android:required="false" />
150-->[androidx.window:window:1.5.0] AndroidManifest.xml:25:13-37
151        <uses-library
151-->[androidx.window:window:1.5.0] AndroidManifest.xml:26:9-28:40
152            android:name="androidx.window.sidecar"
152-->[androidx.window:window:1.5.0] AndroidManifest.xml:27:13-51
153            android:required="false" />
153-->[androidx.window:window:1.5.0] AndroidManifest.xml:28:13-37
154        <uses-library
154-->[androidx.privacysandbox.ads:ads-adservices:1.1.0-beta11] AndroidManifest.xml:23:9-25:40
155            android:name="android.ext.adservices"
155-->[androidx.privacysandbox.ads:ads-adservices:1.1.0-beta11] AndroidManifest.xml:24:13-50
156            android:required="false" />
156-->[androidx.privacysandbox.ads:ads-adservices:1.1.0-beta11] AndroidManifest.xml:25:13-37
157
158        <service
158-->[androidx.credentials:credentials-play-services-auth:1.2.0-rc01] AndroidManifest.xml:24:9-32:19
159            android:name="androidx.credentials.playservices.CredentialProviderMetadataHolder"
159-->[androidx.credentials:credentials-play-services-auth:1.2.0-rc01] AndroidManifest.xml:25:13-94
160            android:enabled="true"
160-->[androidx.credentials:credentials-play-services-auth:1.2.0-rc01] AndroidManifest.xml:26:13-35
161            android:exported="false" >
161-->[androidx.credentials:credentials-play-services-auth:1.2.0-rc01] AndroidManifest.xml:27:13-37
162            <meta-data
162-->[androidx.credentials:credentials-play-services-auth:1.2.0-rc01] AndroidManifest.xml:29:13-31:104
163                android:name="androidx.credentials.CREDENTIAL_PROVIDER_KEY"
163-->[androidx.credentials:credentials-play-services-auth:1.2.0-rc01] AndroidManifest.xml:30:17-76
164                android:value="androidx.credentials.playservices.CredentialProviderPlayServicesImpl" />
164-->[androidx.credentials:credentials-play-services-auth:1.2.0-rc01] AndroidManifest.xml:31:17-101
165        </service>
166
167        <activity
167-->[androidx.credentials:credentials-play-services-auth:1.2.0-rc01] AndroidManifest.xml:34:9-41:20
168            android:name="androidx.credentials.playservices.HiddenActivity"
168-->[androidx.credentials:credentials-play-services-auth:1.2.0-rc01] AndroidManifest.xml:35:13-76
169            android:configChanges="orientation|screenSize|screenLayout|keyboardHidden"
169-->[androidx.credentials:credentials-play-services-auth:1.2.0-rc01] AndroidManifest.xml:36:13-87
170            android:enabled="true"
170-->[androidx.credentials:credentials-play-services-auth:1.2.0-rc01] AndroidManifest.xml:37:13-35
171            android:exported="false"
171-->[androidx.credentials:credentials-play-services-auth:1.2.0-rc01] AndroidManifest.xml:38:13-37
172            android:fitsSystemWindows="true"
172-->[androidx.credentials:credentials-play-services-auth:1.2.0-rc01] AndroidManifest.xml:39:13-45
173            android:theme="@style/Theme.Hidden" >
173-->[androidx.credentials:credentials-play-services-auth:1.2.0-rc01] AndroidManifest.xml:40:13-48
174        </activity>
175        <activity
175-->[com.google.android.gms:play-services-auth:20.7.0] AndroidManifest.xml:23:9-27:75
176            android:name="com.google.android.gms.auth.api.signin.internal.SignInHubActivity"
176-->[com.google.android.gms:play-services-auth:20.7.0] AndroidManifest.xml:24:13-93
177            android:excludeFromRecents="true"
177-->[com.google.android.gms:play-services-auth:20.7.0] AndroidManifest.xml:25:13-46
178            android:exported="false"
178-->[com.google.android.gms:play-services-auth:20.7.0] AndroidManifest.xml:26:13-37
179            android:theme="@android:style/Theme.Translucent.NoTitleBar" />
179-->[com.google.android.gms:play-services-auth:20.7.0] AndroidManifest.xml:27:13-72
180        <!--
181            Service handling Google Sign-In user revocation. For apps that do not integrate with
182            Google Sign-In, this service will never be started.
183        -->
184        <service
184-->[com.google.android.gms:play-services-auth:20.7.0] AndroidManifest.xml:33:9-37:51
185            android:name="com.google.android.gms.auth.api.signin.RevocationBoundService"
185-->[com.google.android.gms:play-services-auth:20.7.0] AndroidManifest.xml:34:13-89
186            android:exported="true"
186-->[com.google.android.gms:play-services-auth:20.7.0] AndroidManifest.xml:35:13-36
187            android:permission="com.google.android.gms.auth.api.signin.permission.REVOCATION_NOTIFICATION"
187-->[com.google.android.gms:play-services-auth:20.7.0] AndroidManifest.xml:36:13-107
188            android:visibleToInstantApps="true" />
188-->[com.google.android.gms:play-services-auth:20.7.0] AndroidManifest.xml:37:13-48
189
190        <activity
190-->[com.google.android.gms:play-services-base:18.5.0] AndroidManifest.xml:5:9-173
191            android:name="com.google.android.gms.common.api.GoogleApiActivity"
191-->[com.google.android.gms:play-services-base:18.5.0] AndroidManifest.xml:5:19-85
192            android:exported="false"
192-->[com.google.android.gms:play-services-base:18.5.0] AndroidManifest.xml:5:146-170
193            android:theme="@android:style/Theme.Translucent.NoTitleBar" />
193-->[com.google.android.gms:play-services-base:18.5.0] AndroidManifest.xml:5:86-145
194
195        <provider
195-->[androidx.emoji2:emoji2:1.4.0] AndroidManifest.xml:24:9-32:20
196            android:name="androidx.startup.InitializationProvider"
196-->[androidx.emoji2:emoji2:1.4.0] AndroidManifest.xml:25:13-67
197            android:authorities="com.bookkeeping.androidx-startup"
197-->[androidx.emoji2:emoji2:1.4.0] AndroidManifest.xml:26:13-68
198            android:exported="false" >
198-->[androidx.emoji2:emoji2:1.4.0] AndroidManifest.xml:27:13-37
199            <meta-data
199-->[androidx.emoji2:emoji2:1.4.0] AndroidManifest.xml:29:13-31:52
200                android:name="androidx.emoji2.text.EmojiCompatInitializer"
200-->[androidx.emoji2:emoji2:1.4.0] AndroidManifest.xml:30:17-75
201                android:value="androidx.startup" />
201-->[androidx.emoji2:emoji2:1.4.0] AndroidManifest.xml:31:17-49
202            <meta-data
202-->[androidx.lifecycle:lifecycle-process:2.9.4] AndroidManifest.xml:29:13-31:52
203                android:name="androidx.lifecycle.ProcessLifecycleInitializer"
203-->[androidx.lifecycle:lifecycle-process:2.9.4] AndroidManifest.xml:30:17-78
204                android:value="androidx.startup" />
204-->[androidx.lifecycle:lifecycle-process:2.9.4] AndroidManifest.xml:31:17-49
205            <meta-data
205-->[androidx.profileinstaller:profileinstaller:1.4.0] AndroidManifest.xml:29:13-31:52
206                android:name="androidx.profileinstaller.ProfileInstallerInitializer"
206-->[androidx.profileinstaller:profileinstaller:1.4.0] AndroidManifest.xml:30:17-85
207                android:value="androidx.startup" />
207-->[androidx.profileinstaller:profileinstaller:1.4.0] AndroidManifest.xml:31:17-49
208        </provider>
209        <provider
209-->[com.google.firebase:firebase-common:22.0.1] AndroidManifest.xml:23:9-28:39
210            android:name="com.google.firebase.provider.FirebaseInitProvider"
210-->[com.google.firebase:firebase-common:22.0.1] AndroidManifest.xml:24:13-77
211            android:authorities="com.bookkeeping.firebaseinitprovider"
211-->[com.google.firebase:firebase-common:22.0.1] AndroidManifest.xml:25:13-72
212            android:directBootAware="true"
212-->[com.google.firebase:firebase-common:22.0.1] AndroidManifest.xml:26:13-43
213            android:exported="false"
213-->[com.google.firebase:firebase-common:22.0.1] AndroidManifest.xml:27:13-37
214            android:initOrder="100" />
214-->[com.google.firebase:firebase-common:22.0.1] AndroidManifest.xml:28:13-36
215
216        <meta-data
216-->[com.google.android.gms:play-services-basement:18.8.0] AndroidManifest.xml:21:9-23:69
217            android:name="com.google.android.gms.version"
217-->[com.google.android.gms:play-services-basement:18.8.0] AndroidManifest.xml:22:13-58
218            android:value="@integer/google_play_services_version" />
218-->[com.google.android.gms:play-services-basement:18.8.0] AndroidManifest.xml:23:13-66
219
220        <activity
220-->[androidx.compose.ui:ui-test-manifest:1.10.0] AndroidManifest.xml:23:9-26:79
221            android:name="androidx.activity.ComponentActivity"
221-->[androidx.compose.ui:ui-test-manifest:1.10.0] AndroidManifest.xml:24:13-63
222            android:exported="true"
222-->[androidx.compose.ui:ui-test-manifest:1.10.0] AndroidManifest.xml:25:13-36
223            android:theme="@android:style/Theme.Material.Light.NoActionBar" />
223-->[androidx.compose.ui:ui-test-manifest:1.10.0] AndroidManifest.xml:26:13-76
224
225        <receiver
225-->[androidx.profileinstaller:profileinstaller:1.4.0] AndroidManifest.xml:34:9-52:20
226            android:name="androidx.profileinstaller.ProfileInstallReceiver"
226-->[androidx.profileinstaller:profileinstaller:1.4.0] AndroidManifest.xml:35:13-76
227            android:directBootAware="false"
227-->[androidx.profileinstaller:profileinstaller:1.4.0] AndroidManifest.xml:36:13-44
228            android:enabled="true"
228-->[androidx.profileinstaller:profileinstaller:1.4.0] AndroidManifest.xml:37:13-35
229            android:exported="true"
229-->[androidx.profileinstaller:profileinstaller:1.4.0] AndroidManifest.xml:38:13-36
230            android:permission="android.permission.DUMP" >
230-->[androidx.profileinstaller:profileinstaller:1.4.0] AndroidManifest.xml:39:13-57
231            <intent-filter>
231-->[androidx.profileinstaller:profileinstaller:1.4.0] AndroidManifest.xml:40:13-42:29
232                <action android:name="androidx.profileinstaller.action.INSTALL_PROFILE" />
232-->[androidx.profileinstaller:profileinstaller:1.4.0] AndroidManifest.xml:41:17-91
232-->[androidx.profileinstaller:profileinstaller:1.4.0] AndroidManifest.xml:41:25-88
233            </intent-filter>
234            <intent-filter>
234-->[androidx.profileinstaller:profileinstaller:1.4.0] AndroidManifest.xml:43:13-45:29
235                <action android:name="androidx.profileinstaller.action.SKIP_FILE" />
235-->[androidx.profileinstaller:profileinstaller:1.4.0] AndroidManifest.xml:44:17-85
235-->[androidx.profileinstaller:profileinstaller:1.4.0] AndroidManifest.xml:44:25-82
236            </intent-filter>
237            <intent-filter>
237-->[androidx.profileinstaller:profileinstaller:1.4.0] AndroidManifest.xml:46:13-48:29
238                <action android:name="androidx.profileinstaller.action.SAVE_PROFILE" />
238-->[androidx.profileinstaller:profileinstaller:1.4.0] AndroidManifest.xml:47:17-88
238-->[androidx.profileinstaller:profileinstaller:1.4.0] AndroidManifest.xml:47:25-85
239            </intent-filter>
240            <intent-filter>
240-->[androidx.profileinstaller:profileinstaller:1.4.0] AndroidManifest.xml:49:13-51:29
241                <action android:name="androidx.profileinstaller.action.BENCHMARK_OPERATION" />
241-->[androidx.profileinstaller:profileinstaller:1.4.0] AndroidManifest.xml:50:17-95
241-->[androidx.profileinstaller:profileinstaller:1.4.0] AndroidManifest.xml:50:25-92
242            </intent-filter>
243        </receiver> <!-- The activities will be merged into the manifest of the hosting app. -->
244        <activity
244-->[com.google.android.play:core-common:2.0.3] AndroidManifest.xml:14:9-18:65
245            android:name="com.google.android.play.core.common.PlayCoreDialogWrapperActivity"
245-->[com.google.android.play:core-common:2.0.3] AndroidManifest.xml:15:13-93
246            android:exported="false"
246-->[com.google.android.play:core-common:2.0.3] AndroidManifest.xml:16:13-37
247            android:stateNotNeeded="true"
247-->[com.google.android.play:core-common:2.0.3] AndroidManifest.xml:17:13-42
248            android:theme="@style/Theme.PlayCore.Transparent" />
248-->[com.google.android.play:core-common:2.0.3] AndroidManifest.xml:18:13-62
249    </application>
250
251</manifest>